{"level":"info","message":"info","service":"user-service"}
{"level":"info","message":"info","service":"user-service"}
{"level":"info","message":"mylog","service":"user-service"}
{"level":"info","message":"mylog Server running on port","service":"user-service"}
{"level":"info","message":"mylog Server running on port","service":"user-service"}
{"level":"info","message":"mylog Server running on port"}
{"level":"info","message":"Application  listening on port 5000"}
{"level":"info","message":"Application  listening on port 5000"}
{
  message: 'Application  listening on port 5000',
  level: 'info',
  label: 'right meow!',
  timestamp: '2023-06-06T15:18:06.230Z'
}
{
  message: 'Application  listening on port 5000',
  level: 'info',
  label: 'right meow!',
  timestamp: '2023-06-06T15:29:35.447Z'
}
{
  message: 'Application  listening on port 5000',
  level: 'info',
  label: 'right meow!',
  timestamp: '2023-06-06T15:51:53.244Z'
}
{
  message: 'Application  listening on port 5000',
  level: 'info',
  label: 'right meow!',
  timestamp: '2023-06-06T15:52:46.524Z'
}
{
  message: 'Application  listening on port 5000',
  level: 'info',
  label: 'right meow!',
  timestamp: '2023-06-06T15:53:03.406Z'
}
{
  message: 'Application  listening on port 5000',
  level: 'info',
  label: 'right meow!',
  timestamp: '2023-06-06T15:53:37.405Z'
}
{
  message: 'Application  listening on port 5000',
  level: 'info',
  label: 'right meow!',
  timestamp: '2023-06-07T03:44:30.532Z'
}
{
  message: 'Application  listening on port 5000',
  level: 'info',
  label: 'right meow!',
  timestamp: '2023-06-07T03:44:45.646Z'
}
Wed Jun 07 2023 3:45:50 } [PH] info: Application  listening on port 5000
Wed Jun 07 2023 3:46:7 } [UM] info: Application  listening on port 5000
{
  message: 'Application  listening on port 5000',
  level: 'info',
  label: 'right meow!',
  timestamp: '2023-06-07T03:46:53.201Z'
}
Wed Jun 07 2023 3:47:4 } [right meow!] info: Application  listening on port 5000
